This is XeTeX, Version 3.141592653-2.6-0.999997 (TeX Live 2025) (preloaded format=xelatex 2025.4.5)  6 APR 2025 01:23
entering extended mode
 restricted \write18 enabled.
 %&-line parsing enabled.
**"/Users/robertjdellinger/Library/Mobile Documents/com~apple~CloudDocs/Documents/Applications/Github/template-repository/Scripts/Docs/01-data-cleaning.tex"
! Emergency stop.
<to be read again> 
                   \protect 
<*> ...ertjdellinger/Library/Mobile Documents/com~
                                                  apple~CloudDocs/Documents/...
*** (job aborted, file error in nonstop mode)

 
Here is how much of TeX's memory you used:
 3 strings out of 475848
 62 string characters out of 5773365
 381006 words of memory out of 5000000
 23035 multiletter control sequences out of 15000+600000
 558837 words of font info for 36 fonts, out of 8000000 for 9000
 14 hyphenation exceptions out of 8191
 2i,0n,0p,1b,6s stack positions out of 10000i,1000n,20000p,200000b,200000s
No pages of output.
